mode: atomic
github.com/witalok2/test-dev-golang-api/adapter/primary/api/api.go:14.23,17.47 2 1
github.com/witalok2/test-dev-golang-api/adapter/primary/api/api.go:17.47,24.3 5 1
github.com/witalok2/test-dev-golang-api/adapter/primary/api/api.go:24.8,30.3 1 0
github.com/witalok2/test-dev-golang-api/adapter/primary/api/api.go:32.2,32.19 1 1
github.com/witalok2/test-dev-golang-api/adapter/primary/api/api.go:35.51,37.2 1 0
github.com/witalok2/test-dev-golang-api/adapter/primary/api/api.go:39.23,41.2 1 0
github.com/witalok2/test-dev-golang-api/adapter/primary/api/api.go:43.13,45.2 1 0
github.com/witalok2/test-dev-golang-api/adapter/primary/api/api.go:47.45,49.2 1 0
github.com/witalok2/test-dev-golang-api/adapter/primary/api/route.go:12.109,13.51 1 0
github.com/witalok2/test-dev-golang-api/adapter/primary/api/route.go:13.51,13.95 1 0
github.com/witalok2/test-dev-golang-api/adapter/primary/api/route.go:15.2,23.50 8 0
github.com/witalok2/test-dev-golang-api/adapter/primary/api/swagger.go:18.28,29.2 8 0
github.com/witalok2/test-dev-golang-api/adapter/secondary/database/client.go:15.117,19.16 3 0
github.com/witalok2/test-dev-golang-api/adapter/secondary/database/client.go:19.16,22.3 2 0
github.com/witalok2/test-dev-golang-api/adapter/secondary/database/client.go:23.2,26.18 3 0
github.com/witalok2/test-dev-golang-api/adapter/secondary/database/client.go:26.18,39.17 3 0
github.com/witalok2/test-dev-golang-api/adapter/secondary/database/client.go:39.17,42.4 2 0
github.com/witalok2/test-dev-golang-api/adapter/secondary/database/client.go:44.3,44.36 1 0
github.com/witalok2/test-dev-golang-api/adapter/secondary/database/client.go:47.2,48.16 2 0
github.com/witalok2/test-dev-golang-api/adapter/secondary/database/client.go:48.16,50.3 1 0
github.com/witalok2/test-dev-golang-api/adapter/secondary/database/client.go:52.2,57.8 1 0
github.com/witalok2/test-dev-golang-api/adapter/secondary/database/client.go:60.107,73.16 2 0
github.com/witalok2/test-dev-golang-api/adapter/secondary/database/client.go:73.16,74.59 1 0
github.com/witalok2/test-dev-golang-api/adapter/secondary/database/client.go:74.59,77.4 2 0
github.com/witalok2/test-dev-golang-api/adapter/secondary/database/client.go:79.3,80.30 2 0
github.com/witalok2/test-dev-golang-api/adapter/secondary/database/client.go:83.2,83.20 1 0
github.com/witalok2/test-dev-golang-api/adapter/secondary/database/client.go:86.82,88.16 2 0
github.com/witalok2/test-dev-golang-api/adapter/secondary/database/client.go:88.16,91.3 2 0
github.com/witalok2/test-dev-golang-api/adapter/secondary/database/client.go:93.2,93.12 1 0
github.com/witalok2/test-dev-golang-api/adapter/secondary/database/client.go:96.76,99.16 3 0
github.com/witalok2/test-dev-golang-api/adapter/secondary/database/client.go:99.16,102.3 2 0
github.com/witalok2/test-dev-golang-api/adapter/secondary/database/client.go:103.2,103.19 1 0
github.com/witalok2/test-dev-golang-api/adapter/secondary/database/mock.go:15.119,18.2 2 1
github.com/witalok2/test-dev-golang-api/adapter/secondary/database/mock.go:20.98,23.2 2 1
github.com/witalok2/test-dev-golang-api/adapter/secondary/database/mock.go:25.84,28.2 2 1
github.com/witalok2/test-dev-golang-api/adapter/secondary/database/mock.go:30.33,30.34 0 0
github.com/witalok2/test-dev-golang-api/adapter/secondary/database/postgres.go:31.58,33.16 2 0
github.com/witalok2/test-dev-golang-api/adapter/secondary/database/postgres.go:33.16,35.3 1 0
github.com/witalok2/test-dev-golang-api/adapter/secondary/database/postgres.go:37.2,38.16 2 0
github.com/witalok2/test-dev-golang-api/adapter/secondary/database/postgres.go:38.16,40.3 1 0
github.com/witalok2/test-dev-golang-api/adapter/secondary/database/postgres.go:42.2,42.29 1 0
github.com/witalok2/test-dev-golang-api/adapter/secondary/database/postgres.go:45.61,47.16 2 0
github.com/witalok2/test-dev-golang-api/adapter/secondary/database/postgres.go:47.16,50.3 2 0
github.com/witalok2/test-dev-golang-api/adapter/secondary/database/postgres.go:52.2,53.16 2 0
github.com/witalok2/test-dev-golang-api/adapter/secondary/database/postgres.go:53.16,56.3 2 0
github.com/witalok2/test-dev-golang-api/adapter/secondary/database/postgres.go:58.2,58.12 1 0
github.com/witalok2/test-dev-golang-api/adapter/secondary/database/postgres.go:61.62,63.16 2 0
github.com/witalok2/test-dev-golang-api/adapter/secondary/database/postgres.go:63.16,66.3 2 0
github.com/witalok2/test-dev-golang-api/adapter/secondary/database/postgres.go:67.2,67.12 1 0
github.com/witalok2/test-dev-golang-api/adapter/secondary/database/postgres.go:70.30,72.16 2 0
github.com/witalok2/test-dev-golang-api/adapter/secondary/database/postgres.go:72.16,74.3 1 0
github.com/witalok2/test-dev-golang-api/adapter/primary/handler/client.go:24.67,25.36 1 1
github.com/witalok2/test-dev-golang-api/adapter/primary/handler/client.go:25.36,27.17 2 1
github.com/witalok2/test-dev-golang-api/adapter/primary/handler/client.go:27.17,29.4 1 0
github.com/witalok2/test-dev-golang-api/adapter/primary/handler/client.go:31.3,32.17 2 1
github.com/witalok2/test-dev-golang-api/adapter/primary/handler/client.go:32.17,34.4 1 0
github.com/witalok2/test-dev-golang-api/adapter/primary/handler/client.go:36.3,37.17 2 1
github.com/witalok2/test-dev-golang-api/adapter/primary/handler/client.go:37.17,39.4 1 0
github.com/witalok2/test-dev-golang-api/adapter/primary/handler/client.go:41.3,48.41 2 1
github.com/witalok2/test-dev-golang-api/adapter/primary/handler/client.go:60.66,61.36 1 1
github.com/witalok2/test-dev-golang-api/adapter/primary/handler/client.go:61.36,63.17 2 1
github.com/witalok2/test-dev-golang-api/adapter/primary/handler/client.go:63.17,65.4 1 0
github.com/witalok2/test-dev-golang-api/adapter/primary/handler/client.go:67.3,68.17 2 1
github.com/witalok2/test-dev-golang-api/adapter/primary/handler/client.go:68.17,70.4 1 0
github.com/witalok2/test-dev-golang-api/adapter/primary/handler/client.go:72.3,74.5 1 1
github.com/witalok2/test-dev-golang-api/adapter/primary/handler/client.go:86.69,87.36 1 1
github.com/witalok2/test-dev-golang-api/adapter/primary/handler/client.go:87.36,91.17 3 1
github.com/witalok2/test-dev-golang-api/adapter/primary/handler/client.go:91.17,93.4 1 0
github.com/witalok2/test-dev-golang-api/adapter/primary/handler/client.go:95.3,96.17 2 1
github.com/witalok2/test-dev-golang-api/adapter/primary/handler/client.go:96.17,98.4 1 0
github.com/witalok2/test-dev-golang-api/adapter/primary/handler/client.go:100.3,100.41 1 1
github.com/witalok2/test-dev-golang-api/adapter/primary/handler/client.go:112.69,113.36 1 1
github.com/witalok2/test-dev-golang-api/adapter/primary/handler/client.go:113.36,115.17 2 1
github.com/witalok2/test-dev-golang-api/adapter/primary/handler/client.go:115.17,117.4 1 0
github.com/witalok2/test-dev-golang-api/adapter/primary/handler/client.go:119.3,122.17 3 1
github.com/witalok2/test-dev-golang-api/adapter/primary/handler/client.go:122.17,124.4 1 0
github.com/witalok2/test-dev-golang-api/adapter/primary/handler/client.go:126.3,129.17 3 1
github.com/witalok2/test-dev-golang-api/adapter/primary/handler/client.go:129.17,131.4 1 0
github.com/witalok2/test-dev-golang-api/adapter/primary/handler/client.go:133.3,133.42 1 1
github.com/witalok2/test-dev-golang-api/adapter/primary/handler/client.go:145.69,146.36 1 1
github.com/witalok2/test-dev-golang-api/adapter/primary/handler/client.go:146.36,148.17 2 1
github.com/witalok2/test-dev-golang-api/adapter/primary/handler/client.go:148.17,150.4 1 0
github.com/witalok2/test-dev-golang-api/adapter/primary/handler/client.go:152.3,153.17 2 1
github.com/witalok2/test-dev-golang-api/adapter/primary/handler/client.go:153.17,155.4 1 0
github.com/witalok2/test-dev-golang-api/adapter/primary/handler/client.go:157.3,157.42 1 1
github.com/witalok2/test-dev-golang-api/adapter/primary/handler/handler.go:13.82,18.2 1 0
github.com/witalok2/test-dev-golang-api/internal/helper/serialize.go:10.72,17.16 3 1
github.com/witalok2/test-dev-golang-api/internal/helper/serialize.go:17.16,19.3 1 0
github.com/witalok2/test-dev-golang-api/internal/helper/serialize.go:21.2,21.21 1 1
github.com/witalok2/test-dev-golang-api/config/config.go:32.41,36.18 3 1
github.com/witalok2/test-dev-golang-api/config/config.go:36.18,39.17 2 0
github.com/witalok2/test-dev-golang-api/config/config.go:39.17,41.4 1 0
github.com/witalok2/test-dev-golang-api/config/config.go:44.2,45.9 2 1
github.com/witalok2/test-dev-golang-api/config/config.go:45.9,47.3 1 0
github.com/witalok2/test-dev-golang-api/config/config.go:49.2,50.9 2 1
github.com/witalok2/test-dev-golang-api/config/config.go:50.9,52.3 1 0
github.com/witalok2/test-dev-golang-api/config/config.go:54.2,55.9 2 1
github.com/witalok2/test-dev-golang-api/config/config.go:55.9,57.3 1 0
github.com/witalok2/test-dev-golang-api/config/config.go:59.2,60.9 2 1
github.com/witalok2/test-dev-golang-api/config/config.go:60.9,62.3 1 0
github.com/witalok2/test-dev-golang-api/config/config.go:64.2,65.9 2 1
github.com/witalok2/test-dev-golang-api/config/config.go:65.9,67.3 1 0
github.com/witalok2/test-dev-golang-api/config/config.go:69.2,70.9 2 1
github.com/witalok2/test-dev-golang-api/config/config.go:70.9,72.3 1 0
github.com/witalok2/test-dev-golang-api/config/config.go:74.2,75.9 2 1
github.com/witalok2/test-dev-golang-api/config/config.go:75.9,77.3 1 0
github.com/witalok2/test-dev-golang-api/config/config.go:79.2,95.8 2 1
github.com/witalok2/test-dev-golang-api/internal/service/client.go:12.113,14.2 1 1
github.com/witalok2/test-dev-golang-api/internal/service/client.go:16.103,18.16 2 1
github.com/witalok2/test-dev-golang-api/internal/service/client.go:18.16,20.3 1 0
github.com/witalok2/test-dev-golang-api/internal/service/client.go:22.2,22.20 1 1
github.com/witalok2/test-dev-golang-api/internal/service/client.go:25.81,27.16 2 1
github.com/witalok2/test-dev-golang-api/internal/service/client.go:27.16,29.3 1 0
github.com/witalok2/test-dev-golang-api/internal/service/client.go:31.2,32.16 2 1
github.com/witalok2/test-dev-golang-api/internal/service/client.go:32.16,34.3 1 0
github.com/witalok2/test-dev-golang-api/internal/service/client.go:36.2,36.12 1 1
github.com/witalok2/test-dev-golang-api/internal/service/client.go:39.81,41.16 2 1
github.com/witalok2/test-dev-golang-api/internal/service/client.go:41.16,43.3 1 0
github.com/witalok2/test-dev-golang-api/internal/service/client.go:45.2,46.16 2 1
github.com/witalok2/test-dev-golang-api/internal/service/client.go:46.16,48.3 1 0
github.com/witalok2/test-dev-golang-api/internal/service/client.go:50.2,50.12 1 1
github.com/witalok2/test-dev-golang-api/internal/service/client.go:53.78,55.2 1 1
github.com/witalok2/test-dev-golang-api/internal/service/mock.go:15.120,18.2 2 0
github.com/witalok2/test-dev-golang-api/internal/service/mock.go:20.99,23.2 2 0
github.com/witalok2/test-dev-golang-api/internal/service/mock.go:25.88,28.2 2 0
github.com/witalok2/test-dev-golang-api/internal/service/mock.go:30.88,33.2 2 0
github.com/witalok2/test-dev-golang-api/internal/service/mock.go:35.85,38.2 2 0
github.com/witalok2/test-dev-golang-api/internal/service/service.go:25.98,30.2 1 1
